<?xml version="1.0" encoding="UTF-8"?>
<!-- Generated by org.testng.reporters.JUnitXMLReporter -->
<testsuite hostname="BLRWFD6139" name="Test" tests="4" failures="0" timestamp="18 Jan 2018 07:19:19 GMT" time="0.02" errors="0">
  <testcase name="Faxorder" time="0.003" classname="TestNGdemoPak.TestNGdemo1"/>
  <testcase name="insert" time="0.0" classname="TestNGdemoPak.TestNGdemo1"/>
  <testcase name="update" time="0.001" classname="TestNGdemoPak.TestNGdemo"/>
  <testcase name="delete" time="0.0" classname="TestNGdemoPak.TestNGdemo"/>
</testsuite> <!-- Test -->
