<?xml version="1.0" encoding="UTF-8"?>
<testng-results skipped="0" failed="0" total="2" passed="2">
  <reporter-output>
  </reporter-output>
  <suite name="Default suite" duration-ms="19" started-at="2018-01-18T10:56:29Z" finished-at="2018-01-18T10:56:29Z">
    <groups>
    </groups>
    <test name="Default test" duration-ms="19" started-at="2018-01-18T10:56:29Z" finished-at="2018-01-18T10:56:29Z">
      <class name="TestNGdemoPak.TestNGdemo">
        <test-method status="PASS" signature="bfrtest()[pri:0, instance:TestNGdemoPak.TestNGdemo@864e92]" name="bfrtest" is-config="true" duration-ms="6" started-at="2018-01-18T16:26:29Z" finished-at="2018-01-18T16:26:29Z">
          <reporter-output>
          </reporter-output>
        </test-method> <!-- bfrtest -->
        <test-method status="PASS" signature="bfrtest1()[pri:0, instance:TestNGdemoPak.TestNGdemo@864e92]" name="bfrtest1" is-config="true" duration-ms="0" started-at="2018-01-18T16:26:29Z" finished-at="2018-01-18T16:26:29Z">
          <reporter-output>
          </reporter-output>
        </test-method> <!-- bfrtest1 -->
        <test-method status="PASS" signature="bfrtest2()[pri:0, instance:TestNGdemoPak.TestNGdemo@864e92]" name="bfrtest2" is-config="true" duration-ms="1" started-at="2018-01-18T16:26:29Z" finished-at="2018-01-18T16:26:29Z">
          <reporter-output>
          </reporter-output>
        </test-method> <!-- bfrtest2 -->
        <test-method status="PASS" signature="update()[pri:0, instance:TestNGdemoPak.TestNGdemo@864e92]" name="update" duration-ms="3" started-at="2018-01-18T16:26:29Z" finished-at="2018-01-18T16:26:29Z">
          <reporter-output>
          </reporter-output>
        </test-method> <!-- update -->
        <test-method status="PASS" signature="aftrtest2()[pri:0, instance:TestNGdemoPak.TestNGdemo@864e92]" name="aftrtest2" is-config="true" duration-ms="0" started-at="2018-01-18T16:26:29Z" finished-at="2018-01-18T16:26:29Z">
          <reporter-output>
          </reporter-output>
        </test-method> <!-- aftrtest2 -->
        <test-method status="PASS" signature="bfrtest2()[pri:0, instance:TestNGdemoPak.TestNGdemo@864e92]" name="bfrtest2" is-config="true" duration-ms="0" started-at="2018-01-18T16:26:29Z" finished-at="2018-01-18T16:26:29Z">
          <reporter-output>
          </reporter-output>
        </test-method> <!-- bfrtest2 -->
        <test-method status="PASS" signature="delete()[pri:0, instance:TestNGdemoPak.TestNGdemo@864e92]" name="delete" duration-ms="0" started-at="2018-01-18T16:26:29Z" finished-at="2018-01-18T16:26:29Z">
          <reporter-output>
          </reporter-output>
        </test-method> <!-- delete -->
        <test-method status="PASS" signature="aftrtest2()[pri:0, instance:TestNGdemoPak.TestNGdemo@864e92]" name="aftrtest2" is-config="true" duration-ms="0" started-at="2018-01-18T16:26:29Z" finished-at="2018-01-18T16:26:29Z">
          <reporter-output>
          </reporter-output>
        </test-method> <!-- aftrtest2 -->
        <test-method status="PASS" signature="aftrtest1()[pri:0, instance:TestNGdemoPak.TestNGdemo@864e92]" name="aftrtest1" is-config="true" duration-ms="0" started-at="2018-01-18T16:26:29Z" finished-at="2018-01-18T16:26:29Z">
          <reporter-output>
          </reporter-output>
        </test-method> <!-- aftrtest1 -->
        <test-method status="PASS" signature="afterTest()[pri:0, instance:TestNGdemoPak.TestNGdemo@864e92]" name="afterTest" is-config="true" duration-ms="0" started-at="2018-01-18T16:26:29Z" finished-at="2018-01-18T16:26:29Z">
          <reporter-output>
          </reporter-output>
        </test-method> <!-- afterTest -->
      </class> <!-- TestNGdemoPak.TestNGdemo -->
    </test> <!-- Default test -->
  </suite> <!-- Default suite -->
</testng-results>
